TN:
SF:controllers\department.js
FN:4,Object.<anonymous>.exports.getAddDepartment
FN:18,Object.<anonymous>.exports.postDepartment
FNF:2
FNH:2
FNDA:4,Object.<anonymous>.exports.getAddDepartment
FNDA:2,Object.<anonymous>.exports.postDepartment
DA:1,1
DA:2,1
DA:3,1
DA:4,1
DA:5,4
DA:6,4
DA:7,3
DA:8,3
DA:9,3
DA:10,3
DA:11,3
DA:12,3
DA:13,3
DA:14,4
DA:15,4
DA:16,4
DA:17,1
DA:18,1
DA:19,2
DA:20,2
DA:21,2
DA:22,2
DA:23,1
DA:24,1
DA:25,1
DA:26,1
DA:27,1
DA:28,1
DA:29,1
DA:30,1
DA:31,1
DA:32,1
DA:33,1
DA:34,1
DA:35,1
DA:36,1
DA:37,1
DA:38,0
DA:39,0
DA:40,1
DA:41,2
DA:42,2
DA:43,2
LF:43
LH:41
BRDA:4,0,0,4
BRDA:6,1,0,3
BRDA:7,2,0,3
BRDA:15,3,0,1
BRDA:18,4,0,2
BRDA:22,5,0,1
BRDA:37,6,0,0
BRDA:27,7,0,1
BRF:8
BRH:7
end_of_record
TN:
SF:controllers\error.js
FN:1,Object.<anonymous>.exports.error
FNF:1
FNH:1
FNDA:1,Object.<anonymous>.exports.error
DA:1,1
DA:2,1
DA:3,1
LF:3
LH:3
BRDA:1,0,0,1
BRF:1
BRH:1
end_of_record
TN:
SF:controllers\login.js
FN:1,Object.<anonymous>.exports.getLogin
FNF:1
FNH:0
FNDA:0,Object.<anonymous>.exports.getLogin
DA:1,1
DA:2,0
DA:3,0
LF:3
LH:1
BRF:0
BRH:0
end_of_record
TN:
SF:model\department.js
FNF:0
FNH:0
DA:1,1
DA:2,1
DA:3,1
DA:4,1
DA:5,1
DA:6,1
DA:7,1
DA:8,1
DA:9,1
DA:10,1
DA:11,1
DA:12,1
DA:13,1
DA:14,1
DA:15,1
DA:16,1
DA:17,1
DA:18,1
DA:19,1
DA:20,1
DA:21,1
DA:22,1
DA:23,1
DA:24,1
DA:25,1
DA:26,1
DA:27,1
LF:27
LH:27
BRF:0
BRH:0
end_of_record
TN:
SF:util\database\database.js
FNF:0
FNH:0
DA:1,1
DA:2,1
DA:3,1
DA:4,1
DA:5,1
DA:6,1
DA:7,1
DA:8,1
DA:9,1
DA:10,1
DA:11,1
DA:12,1
DA:13,1
DA:14,1
DA:15,1
DA:16,1
DA:17,1
DA:18,1
DA:19,1
DA:20,1
DA:21,1
DA:22,1
DA:23,1
LF:23
LH:23
BRF:0
BRH:0
end_of_record
TN:
SF:util\helpers\date.js
FN:1,Object.<anonymous>.exports.getDate
FN:6,Object.<anonymous>.exports.getMinDate
FNF:2
FNH:2
FNDA:1,Object.<anonymous>.exports.getDate
FNDA:1,Object.<anonymous>.exports.getMinDate
DA:1,1
DA:2,1
DA:3,1
DA:4,1
DA:5,1
DA:6,1
DA:7,1
DA:8,1
DA:9,1
LF:9
LH:9
BRDA:1,0,0,1
BRDA:6,1,0,1
BRF:2
BRH:2
end_of_record
TN:
SF:util\helpers\nomina.js
FN:2,convertMoney
FN:8,Object.<anonymous>.exports.SueldoAnual
FN:14,Object.<anonymous>.exports.AFP
FN:19,Object.<anonymous>.exports.SFS
FN:24,Object.<anonymous>.exports.ISR
FN:65,Object.<anonymous>.exports.SueldoNeto
FNF:6
FNH:6
FNDA:13,convertMoney
FNDA:5,Object.<anonymous>.exports.SueldoAnual
FNDA:3,Object.<anonymous>.exports.AFP
FNDA:3,Object.<anonymous>.exports.SFS
FNDA:4,Object.<anonymous>.exports.ISR
FNDA:2,Object.<anonymous>.exports.SueldoNeto
DA:1,1
DA:2,1
DA:3,13
DA:4,13
DA:5,13
DA:6,13
DA:7,1
DA:8,1
DA:9,5
DA:10,5
DA:11,5
DA:12,5
DA:13,1
DA:14,1
DA:15,3
DA:16,3
DA:17,3
DA:18,1
DA:19,1
DA:20,3
DA:21,3
DA:22,3
DA:23,1
DA:24,1
DA:25,4
DA:26,4
DA:27,4
DA:28,4
DA:29,4
DA:30,4
DA:31,4
DA:32,4
DA:33,4
DA:34,4
DA:35,4
DA:36,4
DA:37,4
DA:38,4
DA:39,4
DA:40,4
DA:41,4
DA:42,4
DA:43,4
DA:44,4
DA:45,4
DA:46,0
DA:47,4
DA:48,0
DA:49,0
DA:50,0
DA:51,0
DA:52,4
DA:53,0
DA:54,0
DA:55,0
DA:56,0
DA:57,0
DA:58,0
DA:59,0
DA:60,0
DA:61,0
DA:62,0
DA:63,4
DA:64,1
DA:65,1
DA:66,2
DA:67,2
DA:68,2
DA:69,2
DA:70,2
DA:71,2
DA:72,2
DA:73,2
DA:74,2
DA:75,2
DA:76,2
DA:77,2
DA:78,0
DA:79,0
DA:80,0
DA:81,0
DA:82,0
DA:83,0
DA:84,2
DA:85,2
DA:86,2
LF:86
LH:65
BRDA:2,0,0,13
BRDA:8,1,0,5
BRDA:14,2,0,3
BRDA:19,3,0,3
BRDA:24,4,0,4
BRDA:45,5,0,0
BRDA:47,6,0,0
BRDA:52,7,0,0
BRDA:65,8,0,2
BRDA:73,9,0,0
BRDA:73,10,0,0
BRDA:77,11,0,0
BRF:12
BRH:6
end_of_record
TN:
SF:util\helpers\validate.js
FN:2,Object.<anonymous>.exports.validate
FNF:1
FNH:1
FNDA:2,Object.<anonymous>.exports.validate
DA:1,1
DA:2,1
DA:3,2
DA:4,2
DA:5,1
DA:6,1
DA:7,1
DA:8,1
DA:9,1
DA:10,2
LF:10
LH:10
BRDA:2,0,0,2
BRDA:4,1,0,1
BRF:2
BRH:2
end_of_record
